SF:lib/app/domain/settings_domain.dart
DA:34,1
DA:47,1
DA:56,1
DA:58,2
DA:65,4
DA:76,1
DA:79,2
DA:86,3
DA:95,1
DA:97,2
DA:99,1
DA:105,6
DA:112,1
DA:117,1
DA:118,3
DA:123,3
LF:16
LH:16
end_of_record
SF:lib/app/environments/base_environment.dart
DA:17,1
DA:23,1
DA:25,1
DA:26,2
DA:42,1
DA:46,1
DA:47,0
DA:48,0
DA:49,0
LF:9
LH:6
end_of_record
SF:lib/app/domain/to_do_domain.dart
DA:11,0
DA:18,0
DA:22,0
DA:28,0
DA:32,0
DA:34,0
DA:36,0
DA:43,0
DA:48,0
DA:59,0
DA:62,0
DA:65,0
DA:71,0
DA:77,0
DA:82,0
DA:87,0
DA:88,0
DA:89,0
DA:90,0
DA:94,0
DA:101,0
DA:102,0
DA:105,0
DA:106,0
DA:110,0
DA:111,0
DA:118,0
DA:120,0
DA:123,0
DA:124,0
DA:129,0
DA:133,0
DA:135,0
DA:143,0
DA:144,0
DA:146,0
DA:147,0
DA:148,0
DA:149,0
DA:153,0
DA:154,0
DA:156,0
DA:164,0
DA:165,0
DA:172,0
LF:45
LH:0
end_of_record
